<?xml version="1.0" encoding="UTF-8"?>
<testsuites name="jest tests" tests="6" failures="0" errors="0" time="0.922">
  <testsuite name="GET /api/gadgets" errors="0" failures="0" skipped="0" timestamp="2023-12-06T03:45:51" time="0.869" tests="6">
    <testcase classname="GET /api/gadgets should return all gadgets if they exists" name="GET /api/gadgets should return all gadgets if they exists" time="0.044">
    </testcase>
    <testcase classname="GET /api/gadgets should return 404 if no gadget exists" name="GET /api/gadgets should return 404 if no gadget exists" time="0.006">
    </testcase>
    <testcase classname="GET /api/gadgets should return 500 if error" name="GET /api/gadgets should return 500 if error" time="0.004">
    </testcase>
    <testcase classname="GET /api/gadget/:id should return the gadget when it exists" name="GET /api/gadget/:id should return the gadget when it exists" time="0.01">
    </testcase>
    <testcase classname="GET /api/gadget/:id should return 404 if the gadget do not exists" name="GET /api/gadget/:id should return 404 if the gadget do not exists" time="0.004">
    </testcase>
    <testcase classname="GET /api/gadget/:id should return 500 if error" name="GET /api/gadget/:id should return 500 if error" time="0.007">
    </testcase>
  </testsuite>
</testsuites>